<?xml version="1.0" encoding="UTF-8"?>
<!-- Generated by org.testng.reporters.JUnitXMLReporter -->
<testsuite ignored="0" hostname="LAPTOP-6883ILH2" failures="0" tests="4" name="Default test" time="21.86" errors="0" timestamp="2022-05-18T23:12:18 IST">
  <testcase classname="datadriventesting.DataDrivenTest" name="loginTest" time="11.06"/>
  <testcase classname="datadriventesting.DataDrivenTest" name="loginTest" time="1.669"/>
  <testcase classname="datadriventesting.DataDrivenTest" name="loginTest" time="1.819"/>
  <testcase classname="datadriventesting.DataDrivenTest" name="loginTest" time="1.633"/>
</testsuite> <!-- Default test -->
